-------------------------------------------------------------------------------
Test set: tests.ArticleTests
-------------------------------------------------------------------------------
Tests run: 4, Failures: 0, Errors: 1, Skipped: 0, Time elapsed: 78.645 s <<< FAILURE! - in tests.ArticleTests
testSwipeArticle(tests.ArticleTests)  Time elapsed: 17.936 s  <<< ERROR!
org.openqa.selenium.TimeoutException: 
Expected condition failed: Cannot find element by locator
 (tried for 1 second(s) with 500 milliseconds interval)
	at tests.ArticleTests.testSwipeArticle(ArticleTests.java:21)
Caused by: org.openqa.selenium.NoSuchElementException: 
An element could not be located on the page using the given search parameters.
For documentation on this error, please visit: https://www.seleniumhq.org/exceptions/no_such_element.html
Build info: version: '3.141.59', revision: 'e82be7d358', time: '2018-11-14T08:17:03'
System info: host: 'NB58-017', ip: '192.168.1.64', os.name: 'Windows 10', os.arch: 'amd64', os.version: '10.0', java.version: '1.8.0_311'
Driver info: io.appium.java_client.android.AndroidDriver
Capabilities {androidNaturalOrientation: true, app: C:\Users\amoroz\Desktop\Jav..., appActivity: .main.MainActivity, appPackage: org.wikipedia, automationName: Appium, databaseEnabled: false, desired: {androidNaturalOrientation: true, app: C:\Users\amoroz\Desktop\Jav..., appActivity: .main.MainActivity, appPackage: org.wikipedia, automationName: Appium, deviceName: AndroidTestDevice, orientation: PORTRAIT, platformName: android, platformVersion: 8.0}, deviceApiLevel: 26, deviceManufacturer: Google, deviceModel: Android SDK built for x86, deviceName: emulator-5554, deviceScreenDensity: 480, deviceScreenSize: 1080x1920, deviceUDID: emulator-5554, javascriptEnabled: true, locationContextEnabled: false, networkConnectionEnabled: true, orientation: PORTRAIT, pixelRatio: 3, platform: LINUX, platformName: Android, platformVersion: 8.0.0, statBarHeight: 72, takesScreenshot: true, viewportRect: {height: 1704, left: 0, top: 72, width: 1080}, warnings: {}, webStorageEnabled: false}
Session ID: 530bdbd3-9114-42f9-b9b0-278de5ee79a8
*** Element info: {Using=xpath, value=//*[@text = 'View page in browser']}
	at tests.ArticleTests.testSwipeArticle(ArticleTests.java:21)

