<?xml version="1.0" encoding="UTF-8"?>
<testsuite xmlns:xsi="http://www.w3.org/2001/XMLSchema-instance" xsi:noNamespaceSchemaLocation="https://maven.apache.org/surefire/maven-surefire-plugin/xsd/surefire-test-report.xsd" name="suites.TestSuite" time="272.914" tests="14" errors="5" skipped="0" failures="0">
  <properties>
[...]
</properties>
  <testcase name="testCheckTitleEx6" classname="tests.ArticleTests" time="17.712">
    <error message="Expected condition failed: Cannot find title in Article&#10; (tried for 0 second(s) with 500 milliseconds interval)" type="org.openqa.selenium.TimeoutException">org.openqa.selenium.TimeoutException: 
Expected condition failed: Cannot find title in Article
 (tried for 0 second(s) with 500 milliseconds interval)
	at tests.ArticleTests.testCheckTitleEx6(ArticleTests.java:60)
Caused by: org.openqa.selenium.NoSuchElementException: 
An element could not be located on the page using the given search parameters.
For documentation on this error, please visit: https://www.seleniumhq.org/exceptions/no_such_element.html
Build info: version: '3.141.59', revision: 'e82be7d358', time: '2018-11-14T08:17:03'
System info: host: 'NB58-017', ip: '192.168.1.64', os.name: 'Windows 10', os.arch: 'amd64', os.version: '10.0', java.version: '1.8.0_311'
Driver info: io.appium.java_client.android.AndroidDriver
Capabilities {androidNaturalOrientation: true, app: C:\Users\amoroz\Desktop\Jav..., appActivity: .main.MainActivity, appPackage: org.wikipedia, automationName: Appium, databaseEnabled: false, desired: {androidNaturalOrientation: true, app: C:\Users\amoroz\Desktop\Jav..., appActivity: .main.MainActivity, appPackage: org.wikipedia, automationName: Appium, deviceName: AndroidTestDevice, orientation: PORTRAIT, platformName: android, platformVersion: 8.0}, deviceApiLevel: 26, deviceManufacturer: Google, deviceModel: Android SDK built for x86, deviceName: emulator-5554, deviceScreenDensity: 480, deviceScreenSize: 1080x1920, deviceUDID: emulator-5554, javascriptEnabled: true, locationContextEnabled: false, networkConnectionEnabled: true, orientation: PORTRAIT, pixelRatio: 3, platform: LINUX, platformName: Android, platformVersion: 8.0.0, statBarHeight: 72, takesScreenshot: true, viewportRect: {height: 1704, left: 0, top: 72, width: 1080}, warnings: {}, webStorageEnabled: false}
Session ID: bcbf7fda-b42c-4d5e-b9ba-92c192f50abe
*** Element info: {Using=id, value=org.wikipedia:id/view_page_title_text}
	at tests.ArticleTests.testCheckTitleEx6(ArticleTests.java:60)
</error>
    <system-err><![CDATA[янв 06, 2022 12:46:25 AM io.appium.java_client.remote.AppiumCommandExecutor$1 lambda$0
INFO: Detected dialect: W3C
]]></system-err>
  </testcase>
  <testcase name="testCompareArticleTitle" classname="tests.ArticleTests" time="19.951"/>
  <testcase name="testCheckWordIntoEachFindArticle" classname="tests.ArticleTests" time="13.571">
    <error message="The element &apos;By.xpath: //*[contains(@text, &apos;Search Wikipedia&apos;)]&apos; does not exist in DOM anymore&#10;For documentation on this error, please visit: https://www.seleniumhq.org/exceptions/stale_element_reference.html&#10;Build info: version: &apos;3.141.59&apos;, revision: &apos;e82be7d358&apos;, time: &apos;2018-11-14T08:17:03&apos;&#10;System info: host: &apos;NB58-017&apos;, ip: &apos;192.168.1.64&apos;, os.name: &apos;Windows 10&apos;, os.arch: &apos;amd64&apos;, os.version: &apos;10.0&apos;, java.version: &apos;1.8.0_311&apos;&#10;Driver info: io.appium.java_client.android.AndroidDriver&#10;Capabilities {androidNaturalOrientation: true, app: C:\Users\amoroz\Desktop\Jav..., appActivity: .main.MainActivity, appPackage: org.wikipedia, automationName: Appium, databaseEnabled: false, desired: {androidNaturalOrientation: true, app: C:\Users\amoroz\Desktop\Jav..., appActivity: .main.MainActivity, appPackage: org.wikipedia, automationName: Appium, deviceName: AndroidTestDevice, orientation: PORTRAIT, platformName: android, platformVersion: 8.0}, deviceApiLevel: 26, deviceManufacturer: Google, deviceModel: Android SDK built for x86, deviceName: emulator-5554, deviceScreenDensity: 480, deviceScreenSize: 1080x1920, deviceUDID: emulator-5554, javascriptEnabled: true, locationContextEnabled: false, networkConnectionEnabled: true, orientation: PORTRAIT, pixelRatio: 3, platform: LINUX, platformName: Android, platformVersion: 8.0.0, statBarHeight: 72, takesScreenshot: true, viewportRect: {height: 1704, left: 0, top: 72, width: 1080}, warnings: {}, webStorageEnabled: false}&#10;Session ID: 9203b519-2a63-418e-bae8-6e4279735492" type="org.openqa.selenium.StaleElementReferenceException">org.openqa.selenium.StaleElementReferenceException: 
The element 'By.xpath: //*[contains(@text, 'Search Wikipedia')]' does not exist in DOM anymore
For documentation on this error, please visit: https://www.seleniumhq.org/exceptions/stale_element_reference.html
Build info: version: '3.141.59', revision: 'e82be7d358', time: '2018-11-14T08:17:03'
System info: host: 'NB58-017', ip: '192.168.1.64', os.name: 'Windows 10', os.arch: 'amd64', os.version: '10.0', java.version: '1.8.0_311'
Driver info: io.appium.java_client.android.AndroidDriver
Capabilities {androidNaturalOrientation: true, app: C:\Users\amoroz\Desktop\Jav..., appActivity: .main.MainActivity, appPackage: org.wikipedia, automationName: Appium, databaseEnabled: false, desired: {androidNaturalOrientation: true, app: C:\Users\amoroz\Desktop\Jav..., appActivity: .main.MainActivity, appPackage: org.wikipedia, automationName: Appium, deviceName: AndroidTestDevice, orientation: PORTRAIT, platformName: android, platformVersion: 8.0}, deviceApiLevel: 26, deviceManufacturer: Google, deviceModel: Android SDK built for x86, deviceName: emulator-5554, deviceScreenDensity: 480, deviceScreenSize: 1080x1920, deviceUDID: emulator-5554, javascriptEnabled: true, locationContextEnabled: false, networkConnectionEnabled: true, orientation: PORTRAIT, pixelRatio: 3, platform: LINUX, platformName: Android, platformVersion: 8.0.0, statBarHeight: 72, takesScreenshot: true, viewportRect: {height: 1704, left: 0, top: 72, width: 1080}, warnings: {}, webStorageEnabled: false}
Session ID: 9203b519-2a63-418e-bae8-6e4279735492
	at tests.ArticleTests.testCheckWordIntoEachFindArticle(ArticleTests.java:43)
</error>
    <system-err><![CDATA[янв 06, 2022 12:47:02 AM io.appium.java_client.remote.AppiumCommandExecutor$1 lambda$0
INFO: Detected dialect: W3C
]]></system-err>
  </testcase>
  <testcase name="testSwipeArticle" classname="tests.ArticleTests" time="23.961">
    <error message="Expected condition failed: Cannot find element by locator&#10; (tried for 1 second(s) with 500 milliseconds interval)" type="org.openqa.selenium.TimeoutException">org.openqa.selenium.TimeoutException: 
Expected condition failed: Cannot find element by locator
 (tried for 1 second(s) with 500 milliseconds interval)
	at tests.ArticleTests.testSwipeArticle(ArticleTests.java:21)
Caused by: org.openqa.selenium.NoSuchElementException: 
An element could not be located on the page using the given search parameters.
For documentation on this error, please visit: https://www.seleniumhq.org/exceptions/no_such_element.html
Build info: version: '3.141.59', revision: 'e82be7d358', time: '2018-11-14T08:17:03'
System info: host: 'NB58-017', ip: '192.168.1.64', os.name: 'Windows 10', os.arch: 'amd64', os.version: '10.0', java.version: '1.8.0_311'
Driver info: io.appium.java_client.android.AndroidDriver
Capabilities {androidNaturalOrientation: true, app: C:\Users\amoroz\Desktop\Jav..., appActivity: .main.MainActivity, appPackage: org.wikipedia, automationName: Appium, databaseEnabled: false, desired: {androidNaturalOrientation: true, app: C:\Users\amoroz\Desktop\Jav..., appActivity: .main.MainActivity, appPackage: org.wikipedia, automationName: Appium, deviceName: AndroidTestDevice, orientation: PORTRAIT, platformName: android, platformVersion: 8.0}, deviceApiLevel: 26, deviceManufacturer: Google, deviceModel: Android SDK built for x86, deviceName: emulator-5554, deviceScreenDensity: 480, deviceScreenSize: 1080x1920, deviceUDID: emulator-5554, javascriptEnabled: true, locationContextEnabled: false, networkConnectionEnabled: true, orientation: PORTRAIT, pixelRatio: 3, platform: LINUX, platformName: Android, platformVersion: 8.0.0, statBarHeight: 72, takesScreenshot: true, viewportRect: {height: 1704, left: 0, top: 72, width: 1080}, warnings: {}, webStorageEnabled: false}
Session ID: 3a40f1c7-663c-41ce-a997-fc0fbb883cca
*** Element info: {Using=xpath, value=//*[@text = 'View page in browser']}
	at tests.ArticleTests.testSwipeArticle(ArticleTests.java:21)
</error>
    <system-err><![CDATA[янв 06, 2022 12:47:17 AM io.appium.java_client.remote.AppiumCommandExecutor$1 lambda$0
INFO: Detected dialect: W3C
]]></system-err>
  </testcase>
  <testcase name="testRotationDefault" classname="tests.ChangeAppConditionTests" time="26.613"/>
  <testcase name="testCheckSearchArticleInBackground" classname="tests.ChangeAppConditionTests" time="18.093"/>
  <testcase name="testSaveArticleToMyList" classname="tests.MyListsTests" time="35.908">
    <error message="Expected condition failed: Cannot find saved article by title &apos;Java (programming language)&apos;&#10; (tried for 15 second(s) with 500 milliseconds interval)" type="org.openqa.selenium.TimeoutException">org.openqa.selenium.TimeoutException: 
Expected condition failed: Cannot find saved article by title 'Java (programming language)'
 (tried for 15 second(s) with 500 milliseconds interval)
	at tests.MyListsTests.testSaveArticleToMyList(MyListsTests.java:42)
Caused by: org.openqa.selenium.NoSuchElementException: 
An element could not be located on the page using the given search parameters.
For documentation on this error, please visit: https://www.seleniumhq.org/exceptions/no_such_element.html
Build info: version: '3.141.59', revision: 'e82be7d358', time: '2018-11-14T08:17:03'
System info: host: 'NB58-017', ip: '192.168.1.64', os.name: 'Windows 10', os.arch: 'amd64', os.version: '10.0', java.version: '1.8.0_311'
Driver info: io.appium.java_client.android.AndroidDriver
Capabilities {androidNaturalOrientation: true, app: C:\Users\amoroz\Desktop\Jav..., appActivity: .main.MainActivity, appPackage: org.wikipedia, automationName: Appium, databaseEnabled: false, desired: {androidNaturalOrientation: true, app: C:\Users\amoroz\Desktop\Jav..., appActivity: .main.MainActivity, appPackage: org.wikipedia, automationName: Appium, deviceName: AndroidTestDevice, orientation: PORTRAIT, platformName: android, platformVersion: 8.0}, deviceApiLevel: 26, deviceManufacturer: Google, deviceModel: Android SDK built for x86, deviceName: emulator-5554, deviceScreenDensity: 480, deviceScreenSize: 1080x1920, deviceUDID: emulator-5554, javascriptEnabled: true, locationContextEnabled: false, networkConnectionEnabled: true, orientation: PORTRAIT, pixelRatio: 3, platform: LINUX, platformName: Android, platformVersion: 8.0.0, statBarHeight: 72, takesScreenshot: true, viewportRect: {height: 1704, left: 0, top: 72, width: 1080}, warnings: {}, webStorageEnabled: false}
Session ID: acec93d4-2318-46ab-97a6-8a3d52e22ec3
*** Element info: {Using=xpath, value=//*[contains(@text, 'Java (programming language)')]}
	at tests.MyListsTests.testSaveArticleToMyList(MyListsTests.java:42)
</error>
    <system-err><![CDATA[янв 06, 2022 12:48:23 AM io.appium.java_client.remote.AppiumCommandExecutor$1 lambda$0
INFO: Detected dialect: W3C
]]></system-err>
  </testcase>
  <testcase name="testAddArticleAndRemoveAnotherArticleFromBookmarksEx5" classname="tests.MyListsTests" time="21.387">
    <error type="java.lang.NullPointerException">java.lang.NullPointerException
	at tests.MyListsTests.testAddArticleAndRemoveAnotherArticleFromBookmarksEx5(MyListsTests.java:57)
</error>
    <system-err><![CDATA[янв 06, 2022 12:48:59 AM io.appium.java_client.remote.AppiumCommandExecutor$1 lambda$0
INFO: Detected dialect: W3C
]]></system-err>
  </testcase>
  <testcase name="testCancelSearch" classname="tests.SearchTests" time="14"/>
  <testcase name="testSearchArticleByTitleAndDescription" classname="tests.SearchTests" time="19.474"/>
  <testcase name="testCancelSearchEx3" classname="tests.SearchTests" time="17.179"/>
  <testcase name="testSearchArticle" classname="tests.SearchTests" time="16.572"/>
  <testcase name="testAmountOfNotEmptySearch" classname="tests.SearchTests" time="14.304"/>
  <testcase name="testAmountOfEmptySearch" classname="tests.SearchTests" time="14.155"/>
</testsuite>